Flow report for Lab5
Fri Nov  3 15:13:48 2023
Quartus Prime Version 22.1std.0 Build 915 10/25/2022 SC Lite Edition


---------------------
; Table of Contents ;
---------------------
  1. Legal Notice
  2. Flow Summary
  3. Flow Settings
  4. Flow Non-Default Global Settings
  5. Flow Elapsed Time
  6. Flow OS Summary
  7. Flow Log
  8. Flow Messages
  9. Flow Suppressed Messages



----------------
; Legal Notice ;
----------------
Copyright (C) 2022  Intel Corporation. All rights reserved.
Your use of Intel Corporation's design tools, logic functions 
and other software and tools, and any partner logic 
functions, and any output files from any of the foregoing 
(including device programming or simulation files), and any 
associated documentation or information are expressly subject 
to the terms and conditions of the Intel Program License 
Subscription Agreement, the Intel Quartus Prime License Agreement,
the Intel FPGA IP License Agreement, or other applicable license
agreement, including, without limitation, that your use is for
the sole purpose of programming logic devices manufactured by
Intel and sold by Intel or its authorized distributors.  Please
refer to the applicable agreement for further details, at
https://fpgasoftware.intel.com/eula.



+-------------------------------------------------------------------------------------+
; Flow Summary                                                                        ;
+------------------------------------+------------------------------------------------+
; Flow Status                        ; Successful - Fri Nov  3 15:13:48 2023          ;
; Quartus Prime Version              ; 22.1std.0 Build 915 10/25/2022 SC Lite Edition ;
; Revision Name                      ; Lab5                                           ;
; Top-level Entity Name              ; combination                                    ;
; Family                             ; MAX 10                                         ;
; Device                             ; 10M50DAF484C7G                                 ;
; Timing Models                      ; Final                                          ;
; Total logic elements               ; 18 / 49,760 ( < 1 % )                          ;
;     Total combinational functions  ; 18 / 49,760 ( < 1 % )                          ;
;     Dedicated logic registers      ; 0 / 49,760 ( 0 % )                             ;
; Total registers                    ; 0                                              ;
; Total pins                         ; 20 / 360 ( 6 % )                               ;
; Total virtual pins                 ; 0                                              ;
; Total memory bits                  ; 0 / 1,677,312 ( 0 % )                          ;
; Embedded Multiplier 9-bit elements ; 0 / 288 ( 0 % )                                ;
; Total PLLs                         ; 0 / 4 ( 0 % )                                  ;
; UFM blocks                         ; 0 / 1 ( 0 % )                                  ;
; ADC blocks                         ; 0 / 2 ( 0 % )                                  ;
+------------------------------------+------------------------------------------------+


+-----------------------------------------+
; Flow Settings                           ;
+-------------------+---------------------+
; Option            ; Setting             ;
+-------------------+---------------------+
; Start date & time ; 11/03/2023 15:06:19 ;
; Main task         ; Compilation         ;
; Revision Name     ; Lab5                ;
+-------------------+---------------------+


+-------------------------------------------------------------------------------------------------------------------------+
; Flow Non-Default Global Settings                                                                                        ;
+-------------------------------------+----------------------------------------+---------------+-------------+------------+
; Assignment Name                     ; Value                                  ; Default Value ; Entity Name ; Section Id ;
+-------------------------------------+----------------------------------------+---------------+-------------+------------+
; COMPILER_SIGNATURE_ID               ; 105658698014415.169904197910480        ; --            ; --          ; --         ;
; MAX_CORE_JUNCTION_TEMP              ; 85                                     ; --            ; --          ; --         ;
; MIN_CORE_JUNCTION_TEMP              ; 0                                      ; --            ; --          ; --         ;
; PARTITION_COLOR                     ; -- (Not supported for targeted family) ; --            ; combination ; Top        ;
; PARTITION_FITTER_PRESERVATION_LEVEL ; -- (Not supported for targeted family) ; --            ; combination ; Top        ;
; PARTITION_NETLIST_TYPE              ; -- (Not supported for targeted family) ; --            ; combination ; Top        ;
; PROJECT_OUTPUT_DIRECTORY            ; output_files                           ; --            ; --          ; --         ;
; TOP_LEVEL_ENTITY                    ; combination                            ; Lab5          ; --          ; --         ;
+-------------------------------------+----------------------------------------+---------------+-------------+------------+


+--------------------------------------------------------------------------------------------------------------------------+
; Flow Elapsed Time                                                                                                        ;
+----------------------+--------------+-------------------------+---------------------+------------------------------------+
; Module Name          ; Elapsed Time ; Average Processors Used ; Peak Virtual Memory ; Total CPU Time (on all processors) ;
+----------------------+--------------+-------------------------+---------------------+------------------------------------+
; Analysis & Synthesis ; 00:00:24     ; 1.0                     ; 4789 MB             ; 00:00:41                           ;
; Fitter               ; 00:00:18     ; 1.0                     ; 5924 MB             ; 00:00:20                           ;
; Assembler            ; 00:00:08     ; 1.0                     ; 4721 MB             ; 00:00:05                           ;
; Timing Analyzer      ; 00:00:12     ; 1.0                     ; 4869 MB             ; 00:00:05                           ;
; EDA Netlist Writer   ; 00:00:02     ; 1.0                     ; 4647 MB             ; 00:00:01                           ;
; EDA Netlist Writer   ; 00:00:02     ; 1.0                     ; 4647 MB             ; 00:00:01                           ;
; EDA Netlist Writer   ; 00:00:01     ; 1.0                     ; 4647 MB             ; 00:00:01                           ;
; EDA Netlist Writer   ; 00:00:02     ; 1.0                     ; 4647 MB             ; 00:00:01                           ;
; EDA Netlist Writer   ; 00:00:01     ; 1.0                     ; 4647 MB             ; 00:00:01                           ;
; EDA Netlist Writer   ; 00:00:02     ; 1.0                     ; 4647 MB             ; 00:00:01                           ;
; EDA Netlist Writer   ; 00:00:02     ; 1.0                     ; 4647 MB             ; 00:00:01                           ;
; EDA Netlist Writer   ; 00:00:01     ; 1.0                     ; 4647 MB             ; 00:00:01                           ;
; Total                ; 00:01:15     ; --                      ; --                  ; 00:01:19                           ;
+----------------------+--------------+-------------------------+---------------------+------------------------------------+


+------------------------------------------------------------------------------------+
; Flow OS Summary                                                                    ;
+----------------------+------------------+------------+------------+----------------+
; Module Name          ; Machine Hostname ; OS Name    ; OS Version ; Processor type ;
+----------------------+------------------+------------+------------+----------------+
; Analysis & Synthesis ; Burny            ; Windows 10 ; 10.0       ; x86_64         ;
; Fitter               ; Burny            ; Windows 10 ; 10.0       ; x86_64         ;
; Assembler            ; Burny            ; Windows 10 ; 10.0       ; x86_64         ;
; Timing Analyzer      ; Burny            ; Windows 10 ; 10.0       ; x86_64         ;
; EDA Netlist Writer   ; Burny            ; Windows 10 ; 10.0       ; x86_64         ;
; EDA Netlist Writer   ; Burny            ; Windows 10 ; 10.0       ; x86_64         ;
; EDA Netlist Writer   ; Burny            ; Windows 10 ; 10.0       ; x86_64         ;
; EDA Netlist Writer   ; Burny            ; Windows 10 ; 10.0       ; x86_64         ;
; EDA Netlist Writer   ; Burny            ; Windows 10 ; 10.0       ; x86_64         ;
; EDA Netlist Writer   ; Burny            ; Windows 10 ; 10.0       ; x86_64         ;
; EDA Netlist Writer   ; Burny            ; Windows 10 ; 10.0       ; x86_64         ;
; EDA Netlist Writer   ; Burny            ; Windows 10 ; 10.0       ; x86_64         ;
+----------------------+------------------+------------+------------+----------------+


------------
; Flow Log ;
------------
quartus_map --read_settings_files=on --write_settings_files=off Lab5 -c Lab5
quartus_fit --read_settings_files=off --write_settings_files=off Lab5 -c Lab5
quartus_asm --read_settings_files=off --write_settings_files=off Lab5 -c Lab5
quartus_sta Lab5 -c Lab5
quartus_eda --gen_testbench --tool=modelsim_oem --format=vhdl --write_settings_files=off Lab5 -c Lab5 --vector_source=D:/Digital-Electronics-Fall-2023/Labs/Lab5/Waveform.vwf --testbench_file=D:/Digital-Electronics-Fall-2023/Labs/Lab5/simulation/qsim/Waveform.vwf.vht
quartus_eda --write_settings_files=off --simulation=on --functional=on --flatten_buses=off --tool=modelsim_oem --format=vhdl --output_directory=D:/Digital-Electronics-Fall-2023/Labs/Lab5/simulation/qsim/ Lab5 -c Lab5
quartus_eda --gen_testbench --tool=modelsim_oem --format=vhdl --write_settings_files=off Lab5 -c Lab5 --vector_source=D:/Digital-Electronics-Fall-2023/Labs/Lab5/Waveform.vwf --testbench_file=D:/Digital-Electronics-Fall-2023/Labs/Lab5/simulation/qsim/Waveform.vwf.vht
quartus_eda --write_settings_files=off --simulation=on --functional=on --flatten_buses=off --tool=modelsim_oem --format=vhdl --output_directory=D:/Digital-Electronics-Fall-2023/Labs/Lab5/simulation/qsim/ Lab5 -c Lab5
quartus_eda --gen_testbench --tool=modelsim_oem --format=vhdl --write_settings_files=off Lab5 -c Lab5 --vector_source=D:/Digital-Electronics-Fall-2023/Labs/Lab5/Waveform.vwf --testbench_file=D:/Digital-Electronics-Fall-2023/Labs/Lab5/simulation/qsim/Waveform.vwf.vht
quartus_eda --write_settings_files=off --simulation=on --functional=on --flatten_buses=off --tool=modelsim_oem --format=vhdl --output_directory=D:/Digital-Electronics-Fall-2023/Labs/Lab5/simulation/qsim/ Lab5 -c Lab5
quartus_eda --gen_testbench --tool=modelsim_oem --format=vhdl --write_settings_files=off Lab5 -c Lab5 --vector_source=D:/Digital-Electronics-Fall-2023/Labs/Lab5/Waveform.vwf --testbench_file=D:/Digital-Electronics-Fall-2023/Labs/Lab5/simulation/qsim/Waveform.vwf.vht
quartus_eda --write_settings_files=off --simulation=on --functional=on --flatten_buses=off --tool=modelsim_oem --format=vhdl --output_directory=D:/Digital-Electronics-Fall-2023/Labs/Lab5/simulation/qsim/ Lab5 -c Lab5



